# JRE version: OpenJDK Runtime Environment Corretto-18.0.2.9.1 (18.0.2+9) (build 18.0.2+9-FR)
# Java VM: OpenJDK 64-Bit Server VM Corretto-18.0.2.9.1 (18.0.2+9-FR, mixed mode, sharing, tiered, compressed oops, compressed class ptrs, g1 gc, windows-amd64)
GC Precious Log:
 CardTable entry size: 512
 Card Set container configuration: InlinePtr #cards 5 size 8 Array Of Cards #cards 12 size 40 Howl #buckets 4 coarsen threshold 1843 Howl Bitmap #cards 512 size 80 coarsen threshold 460 Card regions per heap region 1 cards per card region 2048
 CPUs: 4 total, 4 available
 Memory: 8105M
 Large Page Support: Disabled
 NUMA Support: Disabled
 Compressed Oops: Enabled (32-bit)
 Heap Region Size: 1M
 Heap Min Capacity: 8M
 Heap Initial Capacity: 128M
 Heap Max Capacity: 2G
 Pre-touch: Disabled
 Parallel Workers: 4
 Concurrent Workers: 1
 Concurrent Refinement Workers: 4
 Periodic GC: Disabled
Heap:
 garbage-first heap   total 254976K, used 209671K [0x0000000080000000, 0x0000000100000000)
  region size 1024K, 24 young (24576K), 2 survivors (2048K)
 Metaspace       used 107193K, committed 109440K, reserved 552960K
  class space    used 14518K, committed 15616K, reserved 421888K
GC Heap History (20 events):
Event: 263.378 GC heap before
{Heap before GC invocations=69 (full 0):
 garbage-first heap   total 254976K, used 160872K [0x0000000080000000, 0x0000000100000000)
  region size 1024K, 12 young (12288K), 1 survivors (1024K)
 Metaspace       used 97907K, committed 100032K, reserved 552960K
  class space    used 13371K, committed 14464K, reserved 421888K
}
Event: 263.384 GC heap after
{Heap after GC invocations=70 (full 0):
 garbage-first heap   total 254976K, used 150572K [0x0000000080000000, 0x0000000100000000)
  region size 1024K, 2 young (2048K), 2 survivors (2048K)
 Metaspace       used 97907K, committed 100032K, reserved 552960K
  class space    used 13371K, committed 14464K, reserved 421888K
}
Event: 270.824 GC heap before
{Heap before GC invocations=70 (full 0):
 garbage-first heap   total 254976K, used 160812K [0x0000000080000000, 0x0000000100000000)
  region size 1024K, 12 young (12288K), 2 survivors (2048K)
 Metaspace       used 99326K, committed 101568K, reserved 552960K
  class space    used 13588K, committed 14720K, reserved 421888K
}
Event: 270.831 GC heap after
{Heap after GC invocations=71 (full 0):
 garbage-first heap   total 254976K, used 150386K [0x0000000080000000, 0x0000000100000000)
  region size 1024K, 2 young (2048K), 2 survivors (2048K)
 Metaspace       used 99326K, committed 101568K, reserved 552960K
  class space    used 13588K, committed 14720K, reserved 421888K
}
Event: 279.412 GC heap before
{Heap before GC invocations=71 (full 0):
 garbage-first heap   total 254976K, used 200562K [0x0000000080000000, 0x0000000100000000)
  region size 1024K, 52 young (53248K), 2 survivors (2048K)
 Metaspace       used 103355K, committed 105600K, reserved 552960K
  class space    used 14104K, committed 15232K, reserved 421888K
}
Event: 279.431 GC heap after
{Heap after GC invocations=72 (full 0):
 garbage-first heap   total 254976K, used 156576K [0x0000000080000000, 0x0000000100000000)
  region size 1024K, 7 young (7168K), 7 survivors (7168K)
 Metaspace       used 103355K, committed 105600K, reserved 552960K
  class space    used 14104K, committed 15232K, reserved 421888K
}
Event: 322.135 GC heap before
{Heap before GC invocations=72 (full 0):
 garbage-first heap   total 254976K, used 205728K [0x0000000080000000, 0x0000000100000000)
  region size 1024K, 55 young (56320K), 7 survivors (7168K)
 Metaspace       used 103995K, committed 106240K, reserved 552960K
  class space    used 14168K, committed 15296K, reserved 421888K
}
Event: 322.159 GC heap after
{Heap after GC invocations=73 (full 0):
 garbage-first heap   total 254976K, used 163611K [0x0000000080000000, 0x0000000100000000)
  region size 1024K, 7 young (7168K), 7 survivors (7168K)
 Metaspace       used 103995K, committed 106240K, reserved 552960K
  class space    used 14168K, committed 15296K, reserved 421888K
}
Event: 326.499 GC heap before
{Heap before GC invocations=73 (full 0):
 garbage-first heap   total 254976K, used 208667K [0x0000000080000000, 0x0000000100000000)
  region size 1024K, 51 young (52224K), 7 survivors (7168K)
 Metaspace       used 104306K, committed 106496K, reserved 552960K
  class space    used 14195K, committed 15296K, reserved 421888K
}
Event: 326.518 GC heap after
{Heap after GC invocations=74 (full 0):
 garbage-first heap   total 254976K, used 169286K [0x0000000080000000, 0x0000000100000000)
  region size 1024K, 6 young (6144K), 6 survivors (6144K)
 Metaspace       used 104306K, committed 106496K, reserved 552960K
  class space    used 14195K, committed 15296K, reserved 421888K
}
Event: 334.185 GC heap before
{Heap before GC invocations=74 (full 0):
 garbage-first heap   total 254976K, used 211270K [0x0000000080000000, 0x0000000100000000)
  region size 1024K, 47 young (48128K), 6 survivors (6144K)
 Metaspace       used 105806K, committed 108032K, reserved 552960K
  class space    used 14375K, committed 15488K, reserved 421888K
}
Event: 334.202 GC heap after
{Heap after GC invocations=75 (full 0):
 garbage-first heap   total 254976K, used 173604K [0x0000000080000000, 0x0000000100000000)
  region size 1024K, 5 young (5120K), 5 survivors (5120K)
 Metaspace       used 105806K, committed 108032K, reserved 552960K
  class space    used 14375K, committed 15488K, reserved 421888K
}
Event: 342.406 GC heap before
{Heap before GC invocations=75 (full 0):
 garbage-first heap   total 254976K, used 213540K [0x0000000080000000, 0x0000000100000000)
  region size 1024K, 44 young (45056K), 5 survivors (5120K)
 Metaspace       used 106382K, committed 108608K, reserved 552960K
  class space    used 14444K, committed 15552K, reserved 421888K
}
Event: 342.441 GC heap after
{Heap after GC invocations=76 (full 0):
 garbage-first heap   total 254976K, used 177565K [0x0000000080000000, 0x0000000100000000)
  region size 1024K, 4 young (4096K), 4 survivors (4096K)
 Metaspace       used 106382K, committed 108608K, reserved 552960K
  class space    used 14444K, committed 15552K, reserved 421888K
}
Event: 452.889 GC heap before
{Heap before GC invocations=76 (full 0):
 garbage-first heap   total 254976K, used 214429K [0x0000000080000000, 0x0000000100000000)
  region size 1024K, 41 young (41984K), 4 survivors (4096K)
 Metaspace       used 106864K, committed 109120K, reserved 552960K
  class space    used 14498K, committed 15616K, reserved 421888K
}
Event: 452.960 GC heap after
{Heap after GC invocations=77 (full 0):
 garbage-first heap   total 254976K, used 179570K [0x0000000080000000, 0x0000000100000000)
  region size 1024K, 3 young (3072K), 3 survivors (3072K)
 Metaspace       used 106864K, committed 109120K, reserved 552960K
  class space    used 14498K, committed 15616K, reserved 421888K
}
Event: 615.876 GC heap before
{Heap before GC invocations=77 (full 0):
 garbage-first heap   total 254976K, used 215410K [0x0000000080000000, 0x0000000100000000)
  region size 1024K, 39 young (39936K), 3 survivors (3072K)
 Metaspace       used 107166K, committed 109376K, reserved 552960K
  class space    used 14518K, committed 15616K, reserved 421888K
}
Event: 616.131 GC heap after
{Heap after GC invocations=78 (full 0):
 garbage-first heap   total 254976K, used 183063K [0x0000000080000000, 0x0000000100000000)
  region size 1024K, 5 young (5120K), 5 survivors (5120K)
 Metaspace       used 107166K, committed 109376K, reserved 552960K
  class space    used 14518K, committed 15616K, reserved 421888K
}
Event: 683.040 GC heap before
{Heap before GC invocations=78 (full 0):
 garbage-first heap   total 254976K, used 217879K [0x0000000080000000, 0x0000000100000000)
  region size 1024K, 39 young (39936K), 5 survivors (5120K)
 Metaspace       used 107177K, committed 109440K, reserved 552960K
  class space    used 14518K, committed 15616K, reserved 421888K
}
Event: 683.126 GC heap after
{Heap after GC invocations=79 (full 0):
 garbage-first heap   total 254976K, used 185095K [0x0000000080000000, 0x0000000100000000)
  region size 1024K, 2 young (2048K), 2 survivors (2048K)
 Metaspace       used 107177K, committed 109440K, reserved 552960K
  class space    used 14518K, committed 15616K, reserved 421888K
}

